{"uuid":"2b9de142-d5ea-4a95-854c-672bc17678e3","historyId":"2a8beb41753999fe490242961892bc02","fullName":"test.Tests01_Registration_And_Login.test01_NotValidRegistration","labels":[{"name":"package","value":"test.Tests01_Registration_And_Login"},{"name":"testClass","value":"test.Tests01_Registration_And_Login"},{"name":"testMethod","value":"test01_NotValidRegistration"},{"name":"parentSuite","value":"Suite"},{"name":"suite","value":"01 - Registration and Login"},{"name":"subSuite","value":"test.Tests01_Registration_And_Login"},{"name":"host","value":"Avishay_Avraham"},{"name":"thread","value":"8316@Avishay_Avraham.main(1)"},{"name":"framework","value":"testng"},{"name":"language","value":"java"},{"name":"epic","value":"01 - Registration and login"},{"name":"severity","value":"critical"}],"links":[],"name":"test01_NotValidRegistration","status":"broken","statusDetails":{"known":false,"muted":false,"flaky":false,"message":"Click failed on element: By.cssSelector: button[gtm=\"כניסה\"]","trace":"java.lang.RuntimeException: Click failed on element: By.cssSelector: button[gtm=\"כניסה\"]\r\n\tat page_Objects.BasePage.click(BasePage.java:42)\r\n\tat page_Objects.Registration_Page.click_Enter_After_InsertEmail(Registration_Page.java:73)\r\n\tat page_Objects.Registration_Page.enter_By_Email(Registration_Page.java:60)\r\n\tat test.Tests01_Registration_And_Login.test01_NotValidRegistration(Tests01_Registration_And_Login.java:46)\r\n\tat java.base/jdk.internal.reflect.NativeMethodAccessorImpl.invoke0(Native Method)\r\n\tat java.base/jdk.internal.reflect.NativeMethodAccessorImpl.invoke(NativeMethodAccessorImpl.java:77)\r\n\tat java.base/jdk.internal.reflect.DelegatingMethodAccessorImpl.invoke(DelegatingMethodAccessorImpl.java:43)\r\n\tat java.base/java.lang.reflect.Method.invoke(Method.java:568)\r\n\tat org.testng.internal.invokers.MethodInvocationHelper.invokeMethod(MethodInvocationHelper.java:139)\r\n\tat org.testng.internal.invokers.TestInvoker.invokeMethod(TestInvoker.java:664)\r\n\tat org.testng.internal.invokers.TestInvoker.invokeTestMethod(TestInvoker.java:228)\r\n\tat org.testng.internal.invokers.MethodRunner.runInSequence(MethodRunner.java:63)\r\n\tat org.testng.internal.invokers.TestInvoker$MethodInvocationAgent.invoke(TestInvoker.java:961)\r\n\tat org.testng.internal.invokers.TestInvoker.invokeTestMethods(TestInvoker.java:201)\r\n\tat org.testng.internal.invokers.TestMethodWorker.invokeTestMethods(TestMethodWorker.java:148)\r\n\tat org.testng.internal.invokers.TestMethodWorker.run(TestMethodWorker.java:128)\r\n\tat java.base/java.util.ArrayList.forEach(ArrayList.java:1511)\r\n\tat org.testng.TestRunner.privateRun(TestRunner.java:819)\r\n\tat org.testng.TestRunner.run(TestRunner.java:619)\r\n\tat org.testng.SuiteRunner.runTest(SuiteRunner.java:443)\r\n\tat org.testng.SuiteRunner.runSequentially(SuiteRunner.java:437)\r\n\tat org.testng.SuiteRunner.privateRun(SuiteRunner.java:397)\r\n\tat org.testng.SuiteRunner.run(SuiteRunner.java:336)\r\n\tat org.testng.SuiteRunnerWorker.runSuite(SuiteRunnerWorker.java:52)\r\n\tat org.testng.SuiteRunnerWorker.run(SuiteRunnerWorker.java:95)\r\n\tat org.testng.TestNG.runSuitesSequentially(TestNG.java:1301)\r\n\tat org.testng.TestNG.runSuitesLocally(TestNG.java:1228)\r\n\tat org.testng.TestNG.runSuites(TestNG.java:1134)\r\n\tat org.testng.TestNG.run(TestNG.java:1101)\r\n\tat com.intellij.rt.testng.IDEARemoteTestNG.run(IDEARemoteTestNG.java:65)\r\n\tat com.intellij.rt.testng.RemoteTestNGStarter.main(RemoteTestNGStarter.java:105)\r\nCaused by: org.openqa.selenium.ElementClickInterceptedException: element click intercepted: Element <button id=\"ember2171\" type=\"submit\" gtm=\"כניסה\" class=\"ember-view bm-btn no-reverse main md stretch\" style=\"\">...</button> is not clickable at point (952, 529). Other element would receive the click: <div tabindex=\"0\" style=\"position: relative; outline: none; width: 740px; height: 500px; border-radius: 0px; transform-origin: center center; box-shadow: rgba(84, 63, 30, 0.3) 0px 0px 21px 0px; top: 0px; left: 0px; opacity: 1.02; display: block; border-width: 0px; border-style: solid; background-size: cover; background-position: center center; border-color: rgb(31, 134, 154); background-color: rgb(255, 255, 255); z-index: 2147483647;\" data-shadow-distance=\"0\" class=\"\" role=\"alert\" id=\"adoric_smartbox_f98699d5a198c\">...</div>\n  (Session info: chrome=136.0.7103.114)\nBuild info: version: '4.19.1', revision: 'abe0ee07dc'\nSystem info: os.name: 'Windows 11', os.arch: 'amd64', os.version: '10.0', java.version: '17.0.14'\nDriver info: org.openqa.selenium.chrome.ChromeDriver\nCommand: [756193b93e40981bdf0e5c8fc1a274c3, clickElement {id=f.425BD0AAEE58D9145E5A98AA8F69D3F9.d.DFA00ACD2C8360EC84944C1CC267EF04.e.5463}]\nCapabilities {acceptInsecureCerts: false, browserName: chrome, browserVersion: 136.0.7103.114, chrome: {chromedriverVersion: 136.0.7103.113 (76fa3c17824..., userDataDir: C:\\Users\\avish\\AppData\\Loca...}, fedcm:accounts: true, goog:chromeOptions: {debuggerAddress: localhost:54070}, networkConnectionEnabled: false, pageLoadStrategy: normal, platformName: windows, proxy: Proxy(), se:cdp: ws://localhost:54070/devtoo..., se:cdpVersion: 136.0.7103.114, setWindowRect: true, strictFileInteractability: false, timeouts: {implicit: 0, pageLoad: 300000, script: 30000}, unhandledPromptBehavior: dismiss and notify, webauthn:extension:credBlob: true, webauthn:extension:largeBlob: true, webauthn:extension:minPinLength: true, webauthn:extension:prf: true, webauthn:virtualAuthenticators: true}\nElement: [[ChromeDriver: chrome on windows (756193b93e40981bdf0e5c8fc1a274c3)] -> css selector: button[gtm=\"כניסה\"]]\nSession ID: 756193b93e40981bdf0e5c8fc1a274c3\r\n\tat java.base/jdk.internal.reflect.NativeConstructorAccessorImpl.newInstance0(Native Method)\r\n\tat java.base/jdk.internal.reflect.NativeConstructorAccessorImpl.newInstance(NativeConstructorAccessorImpl.java:77)\r\n\tat java.base/jdk.internal.reflect.DelegatingConstructorAccessorImpl.newInstance(DelegatingConstructorAccessorImpl.java:45)\r\n\tat java.base/java.lang.reflect.Constructor.newInstanceWithCaller(Constructor.java:499)\r\n\tat java.base/java.lang.reflect.Constructor.newInstance(Constructor.java:480)\r\n\tat org.openqa.selenium.remote.ErrorCodec.decode(ErrorCodec.java:167)\r\n\tat org.openqa.selenium.remote.codec.w3c.W3CHttpResponseCodec.decode(W3CHttpResponseCodec.java:138)\r\n\tat org.openqa.selenium.remote.codec.w3c.W3CHttpResponseCodec.decode(W3CHttpResponseCodec.java:50)\r\n\tat org.openqa.selenium.remote.HttpCommandExecutor.execute(HttpCommandExecutor.java:190)\r\n\tat org.openqa.selenium.remote.service.DriverCommandExecutor.invokeExecute(DriverCommandExecutor.java:216)\r\n\tat org.openqa.selenium.remote.service.DriverCommandExecutor.execute(DriverCommandExecutor.java:174)\r\n\tat org.openqa.selenium.remote.RemoteWebDriver.execute(RemoteWebDriver.java:518)\r\n\tat org.openqa.selenium.remote.RemoteWebElement.execute(RemoteWebElement.java:223)\r\n\tat org.openqa.selenium.remote.RemoteWebElement.click(RemoteWebElement.java:76)\r\n\tat page_Objects.BasePage.click(BasePage.java:31)\r\n\t... 30 more\r\n"},"stage":"finished","description":"Start the registration process .get to the registration form and verify that the correct error messages appears after insert wrong values","steps":[{"name":"navigateToRegistrationPage","status":"passed","stage":"finished","steps":[{"name":"Clicking on element By.cssSelector: .notSigned>a","status":"passed","stage":"finished","steps":[],"attachments":[],"parameters":[],"start":1748002381362,"stop":1748002381362}],"attachments":[],"parameters":[],"start":1748002379545,"stop":1748002381362},{"name":"registrationPageIsDisplayed","status":"passed","stage":"finished","steps":[{"name":"Element is displayed By.cssSelector: .social-btn.google","status":"passed","stage":"finished","steps":[],"attachments":[],"parameters":[],"start":1748002382906,"stop":1748002382906}],"attachments":[],"parameters":[],"start":1748002381362,"stop":1748002382906},{"name":"select_Register_By_Email","status":"passed","stage":"finished","steps":[{"name":"Clicking on element By.cssSelector: .social-btn:nth-child(2)","status":"passed","stage":"finished","steps":[],"attachments":[],"parameters":[],"start":1748002384574,"stop":1748002384574}],"attachments":[],"parameters":[],"start":1748002382906,"stop":1748002384574},{"name":"navigateToMailiNator","status":"passed","stage":"finished","steps":[],"attachments":[],"parameters":[],"start":1748002384575,"stop":1748002388838},{"name":"createDemoEmail","status":"passed","stage":"finished","steps":[{"name":"sendKeysSearchEmail","status":"passed","stage":"finished","steps":[{"name":"Sending keys to the element By.id: search","status":"passed","stage":"finished","steps":[],"attachments":[],"parameters":[],"start":1748002390484,"stop":1748002390484}],"attachments":[],"parameters":[{"name":"emailAddress","value":"BegvKY"}],"start":1748002388840,"stop":1748002390484},{"name":"clickMailiNatorPageSearchButton","status":"passed","stage":"finished","steps":[{"name":"Clicking on element By.cssSelector: button[value=\"Search for public inbox for free\"]","status":"passed","stage":"finished","steps":[],"attachments":[],"parameters":[],"start":1748002392857,"stop":1748002392857}],"attachments":[],"parameters":[],"start":1748002390484,"stop":1748002392857}],"attachments":[],"parameters":[{"name":"emailAddress","value":"BegvKY"}],"start":1748002388840,"stop":1748002392857},{"name":"enter_By_Email","status":"broken","statusDetails":{"known":false,"muted":false,"flaky":false,"message":"Click failed on element: By.cssSelector: button[gtm=\"כניסה\"]","trace":"java.lang.RuntimeException: Click failed on element: By.cssSelector: button[gtm=\"כניסה\"]\r\n\tat page_Objects.BasePage.click(BasePage.java:42)\r\n\tat page_Objects.Registration_Page.click_Enter_After_InsertEmail(Registration_Page.java:73)\r\n\tat page_Objects.Registration_Page.enter_By_Email(Registration_Page.java:60)\r\n\tat test.Tests01_Registration_And_Login.test01_NotValidRegistration(Tests01_Registration_And_Login.java:46)\r\n\tat java.base/jdk.internal.reflect.NativeMethodAccessorImpl.invoke0(Native Method)\r\n\tat java.base/jdk.internal.reflect.NativeMethodAccessorImpl.invoke(NativeMethodAccessorImpl.java:77)\r\n\tat java.base/jdk.internal.reflect.DelegatingMethodAccessorImpl.invoke(DelegatingMethodAccessorImpl.java:43)\r\n\tat java.base/java.lang.reflect.Method.invoke(Method.java:568)\r\n\tat org.testng.internal.invokers.MethodInvocationHelper.invokeMethod(MethodInvocationHelper.java:139)\r\n\tat org.testng.internal.invokers.TestInvoker.invokeMethod(TestInvoker.java:664)\r\n\tat org.testng.internal.invokers.TestInvoker.invokeTestMethod(TestInvoker.java:228)\r\n\tat org.testng.internal.invokers.MethodRunner.runInSequence(MethodRunner.java:63)\r\n\tat org.testng.internal.invokers.TestInvoker$MethodInvocationAgent.invoke(TestInvoker.java:961)\r\n\tat org.testng.internal.invokers.TestInvoker.invokeTestMethods(TestInvoker.java:201)\r\n\tat org.testng.internal.invokers.TestMethodWorker.invokeTestMethods(TestMethodWorker.java:148)\r\n\tat org.testng.internal.invokers.TestMethodWorker.run(TestMethodWorker.java:128)\r\n\tat java.base/java.util.ArrayList.forEach(ArrayList.java:1511)\r\n\tat org.testng.TestRunner.privateRun(TestRunner.java:819)\r\n\tat org.testng.TestRunner.run(TestRunner.java:619)\r\n\tat org.testng.SuiteRunner.runTest(SuiteRunner.java:443)\r\n\tat org.testng.SuiteRunner.runSequentially(SuiteRunner.java:437)\r\n\tat org.testng.SuiteRunner.privateRun(SuiteRunner.java:397)\r\n\tat org.testng.SuiteRunner.run(SuiteRunner.java:336)\r\n\tat org.testng.SuiteRunnerWorker.runSuite(SuiteRunnerWorker.java:52)\r\n\tat org.testng.SuiteRunnerWorker.run(SuiteRunnerWorker.java:95)\r\n\tat org.testng.TestNG.runSuitesSequentially(TestNG.java:1301)\r\n\tat org.testng.TestNG.runSuitesLocally(TestNG.java:1228)\r\n\tat org.testng.TestNG.runSuites(TestNG.java:1134)\r\n\tat org.testng.TestNG.run(TestNG.java:1101)\r\n\tat com.intellij.rt.testng.IDEARemoteTestNG.run(IDEARemoteTestNG.java:65)\r\n\tat com.intellij.rt.testng.RemoteTestNGStarter.main(RemoteTestNGStarter.java:105)\r\nCaused by: org.openqa.selenium.ElementClickInterceptedException: element click intercepted: Element <button id=\"ember2171\" type=\"submit\" gtm=\"כניסה\" class=\"ember-view bm-btn no-reverse main md stretch\" style=\"\">...</button> is not clickable at point (952, 529). Other element would receive the click: <div tabindex=\"0\" style=\"position: relative; outline: none; width: 740px; height: 500px; border-radius: 0px; transform-origin: center center; box-shadow: rgba(84, 63, 30, 0.3) 0px 0px 21px 0px; top: 0px; left: 0px; opacity: 1.02; display: block; border-width: 0px; border-style: solid; background-size: cover; background-position: center center; border-color: rgb(31, 134, 154); background-color: rgb(255, 255, 255); z-index: 2147483647;\" data-shadow-distance=\"0\" class=\"\" role=\"alert\" id=\"adoric_smartbox_f98699d5a198c\">...</div>\n  (Session info: chrome=136.0.7103.114)\nBuild info: version: '4.19.1', revision: 'abe0ee07dc'\nSystem info: os.name: 'Windows 11', os.arch: 'amd64', os.version: '10.0', java.version: '17.0.14'\nDriver info: org.openqa.selenium.chrome.ChromeDriver\nCommand: [756193b93e40981bdf0e5c8fc1a274c3, clickElement {id=f.425BD0AAEE58D9145E5A98AA8F69D3F9.d.DFA00ACD2C8360EC84944C1CC267EF04.e.5463}]\nCapabilities {acceptInsecureCerts: false, browserName: chrome, browserVersion: 136.0.7103.114, chrome: {chromedriverVersion: 136.0.7103.113 (76fa3c17824..., userDataDir: C:\\Users\\avish\\AppData\\Loca...}, fedcm:accounts: true, goog:chromeOptions: {debuggerAddress: localhost:54070}, networkConnectionEnabled: false, pageLoadStrategy: normal, platformName: windows, proxy: Proxy(), se:cdp: ws://localhost:54070/devtoo..., se:cdpVersion: 136.0.7103.114, setWindowRect: true, strictFileInteractability: false, timeouts: {implicit: 0, pageLoad: 300000, script: 30000}, unhandledPromptBehavior: dismiss and notify, webauthn:extension:credBlob: true, webauthn:extension:largeBlob: true, webauthn:extension:minPinLength: true, webauthn:extension:prf: true, webauthn:virtualAuthenticators: true}\nElement: [[ChromeDriver: chrome on windows (756193b93e40981bdf0e5c8fc1a274c3)] -> css selector: button[gtm=\"כניסה\"]]\nSession ID: 756193b93e40981bdf0e5c8fc1a274c3\r\n\tat java.base/jdk.internal.reflect.NativeConstructorAccessorImpl.newInstance0(Native Method)\r\n\tat java.base/jdk.internal.reflect.NativeConstructorAccessorImpl.newInstance(NativeConstructorAccessorImpl.java:77)\r\n\tat java.base/jdk.internal.reflect.DelegatingConstructorAccessorImpl.newInstance(DelegatingConstructorAccessorImpl.java:45)\r\n\tat java.base/java.lang.reflect.Constructor.newInstanceWithCaller(Constructor.java:499)\r\n\tat java.base/java.lang.reflect.Constructor.newInstance(Constructor.java:480)\r\n\tat org.openqa.selenium.remote.ErrorCodec.decode(ErrorCodec.java:167)\r\n\tat org.openqa.selenium.remote.codec.w3c.W3CHttpResponseCodec.decode(W3CHttpResponseCodec.java:138)\r\n\tat org.openqa.selenium.remote.codec.w3c.W3CHttpResponseCodec.decode(W3CHttpResponseCodec.java:50)\r\n\tat org.openqa.selenium.remote.HttpCommandExecutor.execute(HttpCommandExecutor.java:190)\r\n\tat org.openqa.selenium.remote.service.DriverCommandExecutor.invokeExecute(DriverCommandExecutor.java:216)\r\n\tat org.openqa.selenium.remote.service.DriverCommandExecutor.execute(DriverCommandExecutor.java:174)\r\n\tat org.openqa.selenium.remote.RemoteWebDriver.execute(RemoteWebDriver.java:518)\r\n\tat org.openqa.selenium.remote.RemoteWebElement.execute(RemoteWebElement.java:223)\r\n\tat org.openqa.selenium.remote.RemoteWebElement.click(RemoteWebElement.java:76)\r\n\tat page_Objects.BasePage.click(BasePage.java:31)\r\n\t... 30 more\r\n"},"stage":"finished","steps":[{"name":"sendKeys_Email_Field","status":"passed","stage":"finished","steps":[{"name":"Sending keys to the element By.cssSelector: .login-form input[type=\"email\"]","status":"passed","stage":"finished","steps":[],"attachments":[],"parameters":[],"start":1748002394590,"stop":1748002394590}],"attachments":[],"parameters":[{"name":"email","value":"BegvKY@mailinator.com"}],"start":1748002392894,"stop":1748002394590},{"name":"click_Enter_After_InsertEmail","status":"broken","statusDetails":{"known":false,"muted":false,"flaky":false,"message":"Click failed on element: By.cssSelector: button[gtm=\"כניסה\"]","trace":"java.lang.RuntimeException: Click failed on element: By.cssSelector: button[gtm=\"כניסה\"]\r\n\tat page_Objects.BasePage.click(BasePage.java:42)\r\n\tat page_Objects.Registration_Page.click_Enter_After_InsertEmail(Registration_Page.java:73)\r\n\tat page_Objects.Registration_Page.enter_By_Email(Registration_Page.java:60)\r\n\tat test.Tests01_Registration_And_Login.test01_NotValidRegistration(Tests01_Registration_And_Login.java:46)\r\n\tat java.base/jdk.internal.reflect.NativeMethodAccessorImpl.invoke0(Native Method)\r\n\tat java.base/jdk.internal.reflect.NativeMethodAccessorImpl.invoke(NativeMethodAccessorImpl.java:77)\r\n\tat java.base/jdk.internal.reflect.DelegatingMethodAccessorImpl.invoke(DelegatingMethodAccessorImpl.java:43)\r\n\tat java.base/java.lang.reflect.Method.invoke(Method.java:568)\r\n\tat org.testng.internal.invokers.MethodInvocationHelper.invokeMethod(MethodInvocationHelper.java:139)\r\n\tat org.testng.internal.invokers.TestInvoker.invokeMethod(TestInvoker.java:664)\r\n\tat org.testng.internal.invokers.TestInvoker.invokeTestMethod(TestInvoker.java:228)\r\n\tat org.testng.internal.invokers.MethodRunner.runInSequence(MethodRunner.java:63)\r\n\tat org.testng.internal.invokers.TestInvoker$MethodInvocationAgent.invoke(TestInvoker.java:961)\r\n\tat org.testng.internal.invokers.TestInvoker.invokeTestMethods(TestInvoker.java:201)\r\n\tat org.testng.internal.invokers.TestMethodWorker.invokeTestMethods(TestMethodWorker.java:148)\r\n\tat org.testng.internal.invokers.TestMethodWorker.run(TestMethodWorker.java:128)\r\n\tat java.base/java.util.ArrayList.forEach(ArrayList.java:1511)\r\n\tat org.testng.TestRunner.privateRun(TestRunner.java:819)\r\n\tat org.testng.TestRunner.run(TestRunner.java:619)\r\n\tat org.testng.SuiteRunner.runTest(SuiteRunner.java:443)\r\n\tat org.testng.SuiteRunner.runSequentially(SuiteRunner.java:437)\r\n\tat org.testng.SuiteRunner.privateRun(SuiteRunner.java:397)\r\n\tat org.testng.SuiteRunner.run(SuiteRunner.java:336)\r\n\tat org.testng.SuiteRunnerWorker.runSuite(SuiteRunnerWorker.java:52)\r\n\tat org.testng.SuiteRunnerWorker.run(SuiteRunnerWorker.java:95)\r\n\tat org.testng.TestNG.runSuitesSequentially(TestNG.java:1301)\r\n\tat org.testng.TestNG.runSuitesLocally(TestNG.java:1228)\r\n\tat org.testng.TestNG.runSuites(TestNG.java:1134)\r\n\tat org.testng.TestNG.run(TestNG.java:1101)\r\n\tat com.intellij.rt.testng.IDEARemoteTestNG.run(IDEARemoteTestNG.java:65)\r\n\tat com.intellij.rt.testng.RemoteTestNGStarter.main(RemoteTestNGStarter.java:105)\r\nCaused by: org.openqa.selenium.ElementClickInterceptedException: element click intercepted: Element <button id=\"ember2171\" type=\"submit\" gtm=\"כניסה\" class=\"ember-view bm-btn no-reverse main md stretch\" style=\"\">...</button> is not clickable at point (952, 529). Other element would receive the click: <div tabindex=\"0\" style=\"position: relative; outline: none; width: 740px; height: 500px; border-radius: 0px; transform-origin: center center; box-shadow: rgba(84, 63, 30, 0.3) 0px 0px 21px 0px; top: 0px; left: 0px; opacity: 1.02; display: block; border-width: 0px; border-style: solid; background-size: cover; background-position: center center; border-color: rgb(31, 134, 154); background-color: rgb(255, 255, 255); z-index: 2147483647;\" data-shadow-distance=\"0\" class=\"\" role=\"alert\" id=\"adoric_smartbox_f98699d5a198c\">...</div>\n  (Session info: chrome=136.0.7103.114)\nBuild info: version: '4.19.1', revision: 'abe0ee07dc'\nSystem info: os.name: 'Windows 11', os.arch: 'amd64', os.version: '10.0', java.version: '17.0.14'\nDriver info: org.openqa.selenium.chrome.ChromeDriver\nCommand: [756193b93e40981bdf0e5c8fc1a274c3, clickElement {id=f.425BD0AAEE58D9145E5A98AA8F69D3F9.d.DFA00ACD2C8360EC84944C1CC267EF04.e.5463}]\nCapabilities {acceptInsecureCerts: false, browserName: chrome, browserVersion: 136.0.7103.114, chrome: {chromedriverVersion: 136.0.7103.113 (76fa3c17824..., userDataDir: C:\\Users\\avish\\AppData\\Loca...}, fedcm:accounts: true, goog:chromeOptions: {debuggerAddress: localhost:54070}, networkConnectionEnabled: false, pageLoadStrategy: normal, platformName: windows, proxy: Proxy(), se:cdp: ws://localhost:54070/devtoo..., se:cdpVersion: 136.0.7103.114, setWindowRect: true, strictFileInteractability: false, timeouts: {implicit: 0, pageLoad: 300000, script: 30000}, unhandledPromptBehavior: dismiss and notify, webauthn:extension:credBlob: true, webauthn:extension:largeBlob: true, webauthn:extension:minPinLength: true, webauthn:extension:prf: true, webauthn:virtualAuthenticators: true}\nElement: [[ChromeDriver: chrome on windows (756193b93e40981bdf0e5c8fc1a274c3)] -> css selector: button[gtm=\"כניסה\"]]\nSession ID: 756193b93e40981bdf0e5c8fc1a274c3\r\n\tat java.base/jdk.internal.reflect.NativeConstructorAccessorImpl.newInstance0(Native Method)\r\n\tat java.base/jdk.internal.reflect.NativeConstructorAccessorImpl.newInstance(NativeConstructorAccessorImpl.java:77)\r\n\tat java.base/jdk.internal.reflect.DelegatingConstructorAccessorImpl.newInstance(DelegatingConstructorAccessorImpl.java:45)\r\n\tat java.base/java.lang.reflect.Constructor.newInstanceWithCaller(Constructor.java:499)\r\n\tat java.base/java.lang.reflect.Constructor.newInstance(Constructor.java:480)\r\n\tat org.openqa.selenium.remote.ErrorCodec.decode(ErrorCodec.java:167)\r\n\tat org.openqa.selenium.remote.codec.w3c.W3CHttpResponseCodec.decode(W3CHttpResponseCodec.java:138)\r\n\tat org.openqa.selenium.remote.codec.w3c.W3CHttpResponseCodec.decode(W3CHttpResponseCodec.java:50)\r\n\tat org.openqa.selenium.remote.HttpCommandExecutor.execute(HttpCommandExecutor.java:190)\r\n\tat org.openqa.selenium.remote.service.DriverCommandExecutor.invokeExecute(DriverCommandExecutor.java:216)\r\n\tat org.openqa.selenium.remote.service.DriverCommandExecutor.execute(DriverCommandExecutor.java:174)\r\n\tat org.openqa.selenium.remote.RemoteWebDriver.execute(RemoteWebDriver.java:518)\r\n\tat org.openqa.selenium.remote.RemoteWebElement.execute(RemoteWebElement.java:223)\r\n\tat org.openqa.selenium.remote.RemoteWebElement.click(RemoteWebElement.java:76)\r\n\tat page_Objects.BasePage.click(BasePage.java:31)\r\n\t... 30 more\r\n"},"stage":"finished","steps":[{"name":"Clicking failed: Unexpected error - element click intercepted: Element <button id=\"ember2171\" type=\"submit\" gtm=\"כניסה\" class=\"ember-view bm-btn no-reverse main md stretch\" style=\"\">...</button> is not clickable at point (952, 529). Other element would receive the click: <div tabindex=\"0\" style=\"position: relative; outline: none; width: 740px; height: 500px; border-radius: 0px; transform-origin: center center; box-shadow: rgba(84, 63, 30, 0.3) 0px 0px 21px 0px; top: 0px; left: 0px; opacity: 1.02; display: block; border-width: 0px; border-style: solid; background-size: cover; background-position: center center; border-color: rgb(31, 134, 154); background-color: rgb(255, 255, 255); z-index: 2147483647;\" data-shadow-distance=\"0\" class=\"\" role=\"alert\" id=\"adoric_smartbox_f98699d5a198c\">...</div>\n  (Session info: chrome=136.0.7103.114)\nBuild info: version: '4.19.1', revision: 'abe0ee07dc'\nSystem info: os.name: 'Windows 11', os.arch: 'amd64', os.version: '10.0', java.version: '17.0.14'\nDriver info: org.openqa.selenium.chrome.ChromeDriver\nCommand: [756193b93e40981bdf0e5c8fc1a274c3, clickElement {id=f.425BD0AAEE58D9145E5A98AA8F69D3F9.d.DFA00ACD2C8360EC84944C1CC267EF04.e.5463}]\nCapabilities {acceptInsecureCerts: false, browserName: chrome, browserVersion: 136.0.7103.114, chrome: {chromedriverVersion: 136.0.7103.113 (76fa3c17824..., userDataDir: C:\\Users\\avish\\AppData\\Loca...}, fedcm:accounts: true, goog:chromeOptions: {debuggerAddress: localhost:54070}, networkConnectionEnabled: false, pageLoadStrategy: normal, platformName: windows, proxy: Proxy(), se:cdp: ws://localhost:54070/devtoo..., se:cdpVersion: 136.0.7103.114, setWindowRect: true, strictFileInteractability: false, timeouts: {implicit: 0, pageLoad: 300000, script: 30000}, unhandledPromptBehavior: dismiss and notify, webauthn:extension:credBlob: true, webauthn:extension:largeBlob: true, webauthn:extension:minPinLength: true, webauthn:extension:prf: true, webauthn:virtualAuthenticators: true}\nElement: [[ChromeDriver: chrome on windows (756193b93e40981bdf0e5c8fc1a274c3)] -> css selector: button[gtm=\"כניסה\"]]\nSession ID: 756193b93e40981bdf0e5c8fc1a274c3","status":"failed","stage":"finished","steps":[],"attachments":[],"parameters":[],"start":1748002397203,"stop":1748002397203}],"attachments":[{"name":"Screenshot - 2025-05-23_15-13-17","source":"fc9bcc18-513c-41f0-a14e-f88aa9dab156-attachment"}],"parameters":[],"start":1748002394590,"stop":1748002397503}],"attachments":[],"parameters":[{"name":"email_Field","value":"BegvKY@mailinator.com"}],"start":1748002392894,"stop":1748002397503}],"attachments":[],"parameters":[],"start":1748002379543,"stop":1748002397506}